TN:
SF:index.js
FN:7,EventPubSub
FN:11,on
FN:31,once
FN:37,off
FN:73,emit
FN:91,reset
FN:100,get list
FN:104,<instance_members_initializer>
FN:104,#handleOnce
FNF:9
FNH:9
FNDA:1,EventPubSub
FNDA:15,on
FNDA:3,once
FNDA:17,off
FNDA:4,emit
FNDA:7,reset
FNDA:8,get list
FNDA:1,<instance_members_initializer>
FNDA:5,#handleOnce
DA:1,1
DA:2,1
DA:3,1
DA:4,1
DA:5,1
DA:6,1
DA:7,1
DA:8,1
DA:9,1
DA:10,1
DA:11,1
DA:12,15
DA:13,15
DA:14,15
DA:15,15
DA:16,15
DA:17,2
DA:18,2
DA:19,10
DA:20,15
DA:21,8
DA:22,8
DA:23,10
DA:24,10
DA:25,10
DA:26,10
DA:27,10
DA:28,10
DA:29,15
DA:30,1
DA:31,1
DA:32,3
DA:33,3
DA:34,3
DA:35,3
DA:36,1
DA:37,1
DA:38,17
DA:39,17
DA:40,17
DA:41,7
DA:42,7
DA:43,16
DA:44,17
DA:45,6
DA:46,6
DA:47,10
DA:48,17
DA:49,7
DA:50,7
DA:51,7
DA:52,3
DA:53,3
DA:54,3
DA:55,3
DA:56,3
DA:57,3
DA:58,3
DA:59,17
DA:60,2
DA:61,2
DA:62,2
DA:63,2
DA:64,2
DA:65,2
DA:66,17
DA:67,1
DA:68,1
DA:69,2
DA:70,2
DA:71,17
DA:72,1
DA:73,1
DA:74,4
DA:75,4
DA:76,4
DA:77,4
DA:78,4
DA:79,4
DA:80,4
DA:81,1
DA:82,1
DA:83,2
DA:84,2
DA:85,2
DA:86,2
DA:87,2
DA:88,2
DA:89,4
DA:90,1
DA:91,1
DA:92,7
DA:93,7
DA:94,4
DA:95,4
DA:96,7
DA:97,7
DA:98,7
DA:99,1
DA:100,1
DA:101,8
DA:102,8
DA:103,1
DA:104,1
DA:105,5
DA:106,5
DA:107,5
DA:108,5
DA:109,5
DA:110,5
DA:111,4
DA:112,4
DA:113,1
DA:114,1
DA:115,4
DA:116,5
DA:117,5
DA:118,1
DA:119,1
DA:120,5
DA:121,1
DA:122,1
DA:123,1
DA:124,1
DA:125,1
DA:126,1
DA:127,1
DA:128,1
LF:128
LH:128
BRDA:1,0,0,1
BRDA:7,1,0,1
BRDA:11,2,0,15
BRDA:16,3,0,2
BRDA:19,4,0,10
BRDA:20,5,0,8
BRDA:23,6,0,10
BRDA:31,7,0,3
BRDA:37,8,0,17
BRDA:40,9,0,9
BRDA:40,10,0,7
BRDA:43,11,0,16
BRDA:44,12,0,6
BRDA:47,13,0,10
BRDA:48,14,0,7
BRDA:52,15,0,3
BRDA:59,16,0,2
BRDA:66,17,0,1
BRDA:69,18,0,2
BRDA:73,19,0,4
BRDA:76,20,0,2
BRDA:80,21,0,1
BRDA:83,22,0,2
BRDA:91,23,0,7
BRDA:93,24,0,4
BRDA:100,25,0,8
BRDA:104,26,0,1
BRDA:104,27,0,5
BRDA:110,28,0,4
BRDA:112,29,0,1
BRDA:117,30,0,1
BRF:31
BRH:31
end_of_record
